<?xml version="1.0" encoding="UTF-8"?>
<!-- Generated by org.testng.reporters.JUnitReportReporter -->
<testsuite hostname="Atuls-MacBook-Pro.local" failures="0" tests="3" name="practice.GET_APIs" time="10.423" errors="0" timestamp="2023-09-05T17:53:24 IST" skipped="0">
  <testcase classname="practice.GET_APIs" name="get_HealthCheck" time="1.863"/>
  <system-out/>
  <testcase classname="practice.GET_APIs" name="get_APPFORM" time="5.612"/>
  <system-out/>
  <testcase classname="practice.GET_APIs" name="get_LoanDetails" time="2.948"/>
  <system-out/>
</testsuite> <!-- practice.GET_APIs -->
