<?xml version="1.0" encoding="UTF-8"?>
<!-- Generated by org.testng.reporters.JUnitReportReporter -->
<testsuite hostname="Atuls-MacBook-Pro.local" failures="0" tests="3" name="practice.GET_AppForm" time="10.317" errors="0" timestamp="2023-09-04T12:12:54 IST" skipped="0">
  <testcase classname="practice.GET_AppForm" name="get_HealthCheck" time="2.233"/>
  <system-out/>
  <testcase classname="practice.GET_AppForm" name="get_APPFORM" time="4.666"/>
  <system-out/>
  <testcase classname="practice.GET_AppForm" name="get_LoanDetails" time="3.418"/>
  <system-out/>
</testsuite> <!-- practice.GET_AppForm -->
